<?xml version="1.0" encoding="UTF-8"?>
<!-- Generated by org.testng.reporters.JUnitReportReporter -->
<testsuite skipped="0" hostname="PG014UCR" name="com.qa.scripts.PostAPITest" tests="1" failures="0" timestamp="20 Jun 2018 17:09:35 GMT" time="3.101" errors="0">
  <testcase name="postAPITest" time="3.101" classname="com.qa.scripts.PostAPITest"/>
</testsuite> <!-- com.qa.scripts.PostAPITest -->
