<?xml version="1.0" encoding="UTF-8"?>
<!-- Generated by org.testng.reporters.JUnitReportReporter -->
<testsuite skipped="0" hostname="PG014UCR" name="com.qa.scripts.TC_001_GetAPITest" tests="1" failures="0" timestamp="20 Jun 2018 17:09:58 GMT" time="1.509" errors="0">
  <testcase name="getTest" time="1.509" classname="com.qa.scripts.TC_001_GetAPITest"/>
</testsuite> <!-- com.qa.scripts.TC_001_GetAPITest -->
