<?xml version="1.0" encoding="UTF-8"?>
<!-- Generated by org.testng.reporters.JUnitReportReporter -->
<testsuite skipped="0" hostname="PG014UCR" name="GetPackage.GetData" tests="2" failures="0" timestamp="04 Jun 2018 18:12:45 GMT" time="2.934" errors="0">
  <testcase name="responseCode" time="2.223" classname="GetPackage.GetData"/>
  <testcase name="testBody" time="0.711" classname="GetPackage.GetData"/>
</testsuite> <!-- GetPackage.GetData -->
