<?xml version="1.0" encoding="UTF-8"?>
<!-- Generated by org.testng.reporters.JUnitReportReporter -->
<testsuite skipped="0" hostname="PG014UCR" name="GetPackage.GetData" tests="2" failures="0" timestamp="10 Jun 2018 16:52:20 GMT" time="2.619" errors="0">
  <testcase name="testBody" time="0.535" classname="GetPackage.GetData"/>
  <testcase name="responseCode" time="2.084" classname="GetPackage.GetData"/>
</testsuite> <!-- GetPackage.GetData -->
