<?xml version="1.0" encoding="UTF-8"?>
<!-- Generated by org.testng.reporters.JUnitReportReporter -->
<testsuite skipped="0" hostname="PG014UCR" name="com.qa.scripts.TC_001_GetAPITest" tests="1" failures="0" timestamp="02 Jul 2018 17:07:50 GMT" time="45.384" errors="0">
  <testcase name="getRequestTest_SpecificUser" time="45.384" classname="com.qa.scripts.TC_001_GetAPITest"/>
</testsuite> <!-- com.qa.scripts.TC_001_GetAPITest -->
